<?xml version="1.0" encoding="UTF-8" standalone="no"?>
<testsuite failures="0" name="cucumber.runtime.formatter.JUnitFormatter" skipped="0" tests="2" time="0.136179">
<testcase classname="Validation of OrderId in AdactIn hotel Web Application" name="TA01_Validation of OrderID in Booking Confirmation Page with valid inputs" time="0.10108">
<system-out><![CDATA[Given User launch AdactIn Hotel Web Application.............................skipped
Then User verify whether login page is displayed............................skipped
When User enters valid username and valid password..........................skipped
And User clicks on Login Button.............................................skipped
Then User verify Search Hotel Page is displayed.............................skipped
When User enters valid location,valid hotels,valid roomtype, valid numberofrooms,valid checkindate,valid checkoutdate, valid adultsperroom,valid childperroom.skipped
And User clicks on Search Button............................................skipped
Then User verify Select Hotel page is displayed.............................skipped
And User clicks on select radio Button......................................skipped
And User clicks on Continue Button..........................................skipped
Then User verify Book Hotel Page is displayed...............................skipped
When User enters valid firstname, valid lastname, valid creditcardnumber, valid creditcardtype, valid expirymonth,valid expiryyear, valid cvvnumber.skipped
And User clicks on Book now Button..........................................skipped
Then User verify Booking order page is displayed and  OrderId is validated..skipped
]]></system-out>
</testcase>
<testcase classname="Validation of OrderId in AdactIn hotel Web Application" name="TA02_Validation of OrderID in Booking Confirmation Page with valid inputs" time="0.035099">
<system-out><![CDATA[Given User launch AdactIn Hotel Web Application.............................skipped
Then User verify whether login page is displayed............................skipped
When User enters "aswinprabu9444","aswinprabu9444"..........................skipped
And User clicks on Login Button.............................................skipped
Then User verify Search Hotel Page is displayed.............................skipped
When User enters valid "Adelaide","Hotel Cornice","Super Deluxe","2 - Two","18/12/2021","19/12/2021","4 - Four","3 - Three".skipped
And User clicks on Search Button............................................skipped
Then User verify Select Hotel page is displayed.............................skipped
And User clicks on select radio Button......................................skipped
And User clicks on Continue button..........................................skipped
Then User verify Book Hotel Page is displayed...............................skipped
When User enters "Karan","Haridoss","Vellore","1234567890123456","Master Card","1","2022","444".skipped
And User clicks on Book now Button..........................................skipped
Then User verify Booking order page is displayed and  OrderId is validated..skipped
]]></system-out>
</testcase>
</testsuite>
